<?xml version="1.0" encoding="UTF-8"?>
<!-- Generated by org.testng.reporters.JUnitReportReporter -->
<testsuite hostname="DESKTOP-TVD3PQE" failures="0" tests="1" name="demo.Sample" time="0.010" errors="0" timestamp="2022-12-29T13:00:36 IST" skipped="0">
  <testcase classname="demo.Sample" name="simpleTest" time="0.010"/>
  <system-out/>
</testsuite> <!-- demo.Sample -->
